mode: set
immich-places-backend/config.go:22.36,26.16 3 1
immich-places-backend/config.go:26.16,28.3 1 1
immich-places-backend/config.go:30.2,30.33 1 1
immich-places-backend/config.go:30.33,32.3 1 1
immich-places-backend/config.go:34.2,34.29 1 1
immich-places-backend/config.go:34.29,36.3 1 0
immich-places-backend/config.go:38.2,38.46 1 1
immich-places-backend/config.go:38.46,40.3 1 1
immich-places-backend/config.go:42.2,42.18 1 1
immich-places-backend/database.go:31.53,32.51 1 1
immich-places-backend/database.go:32.51,34.3 1 0
immich-places-backend/database.go:36.2,38.16 3 1
immich-places-backend/database.go:38.16,40.3 1 0
immich-places-backend/database.go:42.2,42.62 1 1
immich-places-backend/database.go:42.62,44.3 1 0
immich-places-backend/database.go:45.2,45.61 1 1
immich-places-backend/database.go:45.61,47.3 1 0
immich-places-backend/database.go:48.2,48.63 1 1
immich-places-backend/database.go:48.63,50.3 1 0
immich-places-backend/database.go:52.2,52.42 1 1
immich-places-backend/database.go:52.42,54.3 1 0
immich-places-backend/database.go:56.2,59.15 3 1
immich-places-backend/database.go:62.83,65.26 3 1
immich-places-backend/database.go:65.26,67.3 1 1
immich-places-backend/database.go:68.2,68.16 1 1
immich-places-backend/database.go:68.16,70.3 1 0
immich-places-backend/database.go:71.2,71.20 1 1
immich-places-backend/database.go:74.79,80.2 2 1
immich-places-backend/database.go:82.69,84.2 1 1
immich-places-backend/database.go:86.66,90.2 3 1
immich-places-backend/database.go:92.71,96.2 3 1
immich-places-backend/database.go:104.65,106.19 2 1
immich-places-backend/database.go:106.19,112.14 4 1
immich-places-backend/database.go:112.14,114.4 1 1
immich-places-backend/database.go:114.9,116.4 1 1
immich-places-backend/database.go:117.3,117.55 1 1
immich-places-backend/database.go:118.8,120.14 2 1
immich-places-backend/database.go:120.14,122.4 1 1
immich-places-backend/database.go:122.9,124.4 1 1
immich-places-backend/database.go:125.3,125.53 1 1
immich-places-backend/database.go:127.2,127.10 1 1
immich-places-backend/database.go:130.129,135.15 4 1
immich-places-backend/database.go:135.15,138.3 2 1
immich-places-backend/database.go:140.2,145.16 4 1
immich-places-backend/database.go:145.16,147.3 1 0
immich-places-backend/database.go:148.2,150.28 2 1
immich-places-backend/database.go:153.104,160.2 5 1
immich-places-backend/database.go:162.116,166.19 3 1
immich-places-backend/database.go:166.19,173.3 2 1
immich-places-backend/database.go:173.8,178.3 1 1
immich-places-backend/database.go:180.2,180.19 1 1
immich-places-backend/database.go:180.19,182.20 2 1
immich-places-backend/database.go:182.20,184.4 1 1
immich-places-backend/database.go:185.3,187.32 3 1
immich-places-backend/database.go:187.32,189.4 1 1
immich-places-backend/database.go:189.9,191.4 1 1
immich-places-backend/database.go:192.3,192.48 1 1
immich-places-backend/database.go:195.2,198.16 3 1
immich-places-backend/database.go:198.16,200.3 1 0
immich-places-backend/database.go:201.2,204.18 3 1
immich-places-backend/database.go:204.18,206.75 2 1
immich-places-backend/database.go:206.75,208.4 1 0
immich-places-backend/database.go:209.3,209.31 1 1
immich-places-backend/database.go:211.2,211.28 1 1
immich-places-backend/database.go:214.90,227.26 4 1
immich-places-backend/database.go:227.26,229.3 1 1
immich-places-backend/database.go:230.2,230.16 1 1
immich-places-backend/database.go:230.16,232.3 1 0
immich-places-backend/database.go:233.2,233.16 1 1
immich-places-backend/database.go:253.71,260.2 2 1
immich-places-backend/database.go:262.79,264.16 2 1
immich-places-backend/database.go:264.16,266.3 1 0
immich-places-backend/database.go:267.2,270.16 3 1
immich-places-backend/database.go:270.16,272.3 1 0
immich-places-backend/database.go:273.2,275.27 2 1
immich-places-backend/database.go:275.27,280.17 1 1
immich-places-backend/database.go:280.17,282.4 1 0
immich-places-backend/database.go:285.2,285.20 1 1
immich-places-backend/database.go:288.50,290.16 2 1
immich-places-backend/database.go:290.16,292.3 1 0
immich-places-backend/database.go:293.2,293.15 1 1
immich-places-backend/database.go:296.119,298.16 2 1
immich-places-backend/database.go:298.16,300.3 1 0
immich-places-backend/database.go:301.2,313.16 4 1
immich-places-backend/database.go:313.16,315.3 1 0
immich-places-backend/database.go:316.2,318.28 2 1
immich-places-backend/database.go:321.104,326.16 2 1
immich-places-backend/database.go:326.16,328.3 1 0
immich-places-backend/database.go:329.2,332.18 3 1
immich-places-backend/database.go:332.18,334.95 2 1
immich-places-backend/database.go:334.95,336.4 1 0
immich-places-backend/database.go:337.3,337.37 1 1
immich-places-backend/database.go:339.2,339.30 1 1
immich-places-backend/database.go:342.105,344.16 2 1
immich-places-backend/database.go:344.16,346.3 1 1
immich-places-backend/database.go:347.2,349.80 2 1
immich-places-backend/database.go:349.80,351.3 1 0
immich-places-backend/database.go:353.2,353.32 1 1
immich-places-backend/database.go:353.32,357.17 1 1
immich-places-backend/database.go:357.17,359.4 1 0
immich-places-backend/database.go:362.2,362.20 1 1
immich-places-backend/database.go:365.104,375.16 2 1
immich-places-backend/database.go:375.16,377.3 1 0
immich-places-backend/database.go:378.2,381.18 3 1
immich-places-backend/database.go:381.18,383.83 2 1
immich-places-backend/database.go:383.83,385.4 1 0
immich-places-backend/database.go:386.3,386.35 1 1
immich-places-backend/database.go:388.2,388.29 1 1
immich-places-backend/database.go:391.128,394.16 3 1
immich-places-backend/database.go:394.16,396.3 1 1
immich-places-backend/database.go:398.2,398.19 1 1
immich-places-backend/database.go:398.19,400.17 2 1
immich-places-backend/database.go:400.17,402.4 1 0
immich-places-backend/database.go:403.3,403.15 1 1
immich-places-backend/database.go:403.15,405.4 1 1
immich-places-backend/database.go:408.2,409.19 2 1
immich-places-backend/database.go:409.19,419.3 1 1
immich-places-backend/database.go:419.8,427.3 1 1
immich-places-backend/database.go:428.2,428.16 1 1
immich-places-backend/database.go:428.16,430.3 1 0
immich-places-backend/database.go:432.2,436.19 3 1
immich-places-backend/database.go:436.19,442.17 3 1
immich-places-backend/database.go:442.17,444.4 1 1
immich-places-backend/database.go:445.8,447.3 1 1
immich-places-backend/database.go:449.2,449.18 1 1
immich-places-backend/database.go:459.101,461.16 2 1
immich-places-backend/database.go:461.16,463.3 1 0
immich-places-backend/database.go:464.2,466.196 2 1
immich-places-backend/database.go:466.196,468.3 1 0
immich-places-backend/database.go:470.2,471.16 2 1
immich-places-backend/database.go:471.16,473.3 1 0
immich-places-backend/database.go:474.2,477.28 3 1
immich-places-backend/database.go:477.28,478.105 1 1
immich-places-backend/database.go:478.105,480.4 1 0
immich-places-backend/database.go:481.3,481.12 1 1
immich-places-backend/database.go:484.2,484.29 1 1
immich-places-backend/database.go:487.91,490.26 3 1
immich-places-backend/database.go:490.26,492.3 1 1
immich-places-backend/database.go:493.2,493.16 1 1
immich-places-backend/database.go:493.16,495.3 1 0
immich-places-backend/database.go:496.2,496.21 1 1
immich-places-backend/database.go:499.93,501.16 2 1
immich-places-backend/database.go:501.16,503.3 1 0
immich-places-backend/database.go:504.2,507.18 3 1
immich-places-backend/database.go:507.18,509.40 2 1
immich-places-backend/database.go:509.40,511.4 1 0
immich-places-backend/database.go:512.3,512.24 1 1
immich-places-backend/database.go:514.2,514.24 1 1
immich-places-backend/database.go:517.109,518.25 1 1
immich-places-backend/database.go:518.25,520.3 1 0
immich-places-backend/database.go:522.2,524.31 3 1
immich-places-backend/database.go:524.31,527.3 2 1
immich-places-backend/database.go:529.2,534.12 3 1
immich-places-backend/database.go:537.95,543.16 3 1
immich-places-backend/database.go:543.16,545.3 1 0
immich-places-backend/database.go:546.2,546.20 1 1
immich-places-backend/database.go:549.34,551.2 1 1
immich-places-backend/database.go:553.56,555.18 2 1
immich-places-backend/database.go:555.18,561.17 2 1
immich-places-backend/database.go:561.17,563.4 1 0
immich-places-backend/database.go:564.3,564.29 1 1
immich-places-backend/database.go:566.2,566.27 1 1
immich-places-backend/databaseAlbums.go:10.91,14.2 3 1
immich-places-backend/databaseAlbums.go:16.89,19.16 3 1
immich-places-backend/databaseAlbums.go:19.16,21.3 1 0
immich-places-backend/databaseAlbums.go:22.2,23.18 2 1
immich-places-backend/databaseAlbums.go:23.18,25.52 2 1
immich-places-backend/databaseAlbums.go:25.52,27.4 1 0
immich-places-backend/databaseAlbums.go:28.3,28.25 1 1
immich-places-backend/databaseAlbums.go:30.2,30.27 1 1
immich-places-backend/databaseAlbums.go:33.165,46.2 2 1
immich-places-backend/databaseAlbums.go:48.101,50.16 2 1
immich-places-backend/databaseAlbums.go:50.16,52.3 1 0
immich-places-backend/databaseAlbums.go:53.2,55.78 2 1
immich-places-backend/databaseAlbums.go:55.78,57.3 1 0
immich-places-backend/databaseAlbums.go:59.2,62.16 1 1
immich-places-backend/databaseAlbums.go:62.16,64.3 1 0
immich-places-backend/databaseAlbums.go:66.2,71.16 1 1
immich-places-backend/databaseAlbums.go:71.16,73.3 1 0
immich-places-backend/databaseAlbums.go:75.2,76.20 2 1
immich-places-backend/databaseAlbums.go:79.85,91.16 2 1
immich-places-backend/databaseAlbums.go:91.16,93.3 1 0
immich-places-backend/databaseAlbums.go:94.2,97.18 3 1
immich-places-backend/databaseAlbums.go:97.18,99.144 2 1
immich-places-backend/databaseAlbums.go:99.144,101.4 1 0
immich-places-backend/databaseAlbums.go:102.3,103.29 2 1
immich-places-backend/databaseAlbums.go:105.2,105.27 1 1
immich-places-backend/databaseAlbums.go:108.83,122.16 2 1
immich-places-backend/databaseAlbums.go:122.16,124.3 1 0
immich-places-backend/databaseAlbums.go:125.2,128.18 3 1
immich-places-backend/databaseAlbums.go:128.18,130.159 2 1
immich-places-backend/databaseAlbums.go:130.159,132.4 1 0
immich-places-backend/databaseAlbums.go:133.3,133.29 1 1
immich-places-backend/databaseAlbums.go:135.2,135.27 1 1
immich-places-backend/databaseAlbums.go:138.104,147.16 2 1
immich-places-backend/databaseAlbums.go:147.16,149.3 1 0
immich-places-backend/databaseAlbums.go:150.2,152.28 2 1
immich-places-backend/databaseAlbums.go:155.84,156.24 1 1
immich-places-backend/databaseAlbums.go:156.24,159.3 2 1
immich-places-backend/databaseAlbums.go:161.2,162.16 2 1
immich-places-backend/databaseAlbums.go:162.16,164.3 1 0
immich-places-backend/databaseAlbums.go:165.2,167.75 2 1
immich-places-backend/databaseAlbums.go:167.75,169.3 1 0
immich-places-backend/databaseAlbums.go:171.2,171.123 1 1
immich-places-backend/databaseAlbums.go:171.123,173.3 1 0
immich-places-backend/databaseAlbums.go:175.2,176.20 2 1
immich-places-backend/databaseAlbums.go:179.95,180.115 1 1
immich-places-backend/databaseAlbums.go:180.115,182.3 1 0
immich-places-backend/databaseAlbums.go:184.2,184.52 1 1
immich-places-backend/databaseAlbums.go:184.52,186.24 2 1
immich-places-backend/databaseAlbums.go:186.24,188.4 1 1
immich-places-backend/databaseAlbums.go:189.3,193.27 4 1
immich-places-backend/databaseAlbums.go:193.27,196.4 2 1
immich-places-backend/databaseAlbums.go:198.3,199.64 2 1
immich-places-backend/databaseAlbums.go:199.64,201.4 1 0
immich-places-backend/databaseAlbums.go:204.2,204.12 1 1
immich-places-backend/handlers.go:33.33,36.2 2 1
immich-places-backend/handlers.go:47.52,49.19 2 1
immich-places-backend/handlers.go:49.19,51.3 1 0
immich-places-backend/handlers.go:52.2,52.27 1 1
immich-places-backend/handlers.go:52.27,54.3 1 1
immich-places-backend/handlers.go:55.2,55.21 1 1
immich-places-backend/handlers.go:58.67,64.2 5 1
immich-places-backend/handlers.go:66.169,75.2 1 1
immich-places-backend/handlers.go:77.73,79.20 2 1
immich-places-backend/handlers.go:79.20,82.3 2 1
immich-places-backend/handlers.go:84.2,87.16 3 1
immich-places-backend/handlers.go:87.16,90.3 2 0
immich-places-backend/handlers.go:92.2,93.16 2 1
immich-places-backend/handlers.go:93.16,96.3 2 0
immich-places-backend/handlers.go:98.2,106.4 2 1
immich-places-backend/handlers.go:109.76,113.16 3 1
immich-places-backend/handlers.go:113.16,116.3 2 1
immich-places-backend/handlers.go:117.2,118.16 2 1
immich-places-backend/handlers.go:118.16,121.3 2 1
immich-places-backend/handlers.go:122.2,125.14 3 1
immich-places-backend/handlers.go:125.14,128.3 2 1
immich-places-backend/handlers.go:129.2,129.50 1 1
immich-places-backend/handlers.go:129.50,132.3 2 1
immich-places-backend/handlers.go:134.2,135.16 2 1
immich-places-backend/handlers.go:135.16,138.3 2 0
immich-places-backend/handlers.go:140.2,141.16 2 1
immich-places-backend/handlers.go:141.16,144.3 2 0
immich-places-backend/handlers.go:146.2,146.19 1 1
immich-places-backend/handlers.go:146.19,148.3 1 1
immich-places-backend/handlers.go:150.2,156.4 1 1
immich-places-backend/handlers.go:159.76,166.29 5 1
immich-places-backend/handlers.go:166.29,168.3 1 1
immich-places-backend/handlers.go:168.8,170.3 1 1
immich-places-backend/handlers.go:172.2,172.16 1 1
immich-places-backend/handlers.go:172.16,175.3 2 0
immich-places-backend/handlers.go:177.2,177.19 1 1
immich-places-backend/handlers.go:177.19,179.3 1 1
immich-places-backend/handlers.go:181.2,181.37 1 1
immich-places-backend/handlers.go:184.80,192.15 7 1
immich-places-backend/handlers.go:192.15,193.73 1 1
immich-places-backend/handlers.go:193.73,196.4 2 1
immich-places-backend/handlers.go:197.3,201.63 5 1
immich-places-backend/handlers.go:201.63,204.4 2 1
immich-places-backend/handlers.go:205.3,206.52 2 1
immich-places-backend/handlers.go:206.52,209.4 2 1
immich-places-backend/handlers.go:210.3,210.66 1 1
immich-places-backend/handlers.go:213.2,214.16 2 1
immich-places-backend/handlers.go:214.16,217.3 2 0
immich-places-backend/handlers.go:219.2,219.20 1 1
immich-places-backend/handlers.go:219.20,221.3 1 1
immich-places-backend/handlers.go:223.2,223.38 1 1
immich-places-backend/handlers.go:226.79,228.16 2 1
immich-places-backend/handlers.go:228.16,231.3 2 1
immich-places-backend/handlers.go:233.2,234.16 2 1
immich-places-backend/handlers.go:234.16,237.3 2 0
immich-places-backend/handlers.go:238.2,238.27 1 1
immich-places-backend/handlers.go:241.77,243.16 2 1
immich-places-backend/handlers.go:243.16,246.3 2 1
immich-places-backend/handlers.go:248.2,249.16 2 1
immich-places-backend/handlers.go:249.16,252.3 2 0
immich-places-backend/handlers.go:253.2,253.27 1 1
immich-places-backend/handlers.go:256.81,258.16 2 1
immich-places-backend/handlers.go:258.16,261.3 2 0
immich-places-backend/handlers.go:263.2,266.45 4 1
immich-places-backend/handlers.go:266.45,269.3 2 1
immich-places-backend/handlers.go:271.2,271.45 1 1
immich-places-backend/handlers.go:271.45,274.3 2 1
immich-places-backend/handlers.go:276.2,277.16 2 1
immich-places-backend/handlers.go:277.16,279.44 2 1
immich-places-backend/handlers.go:279.44,281.4 1 1
immich-places-backend/handlers.go:281.9,283.4 1 0
immich-places-backend/handlers.go:284.3,284.9 1 1
immich-places-backend/handlers.go:287.2,287.64 1 1
immich-places-backend/handlers.go:290.106,294.16 3 1
immich-places-backend/handlers.go:294.16,296.3 1 0
immich-places-backend/handlers.go:297.2,297.20 1 1
immich-places-backend/handlers.go:297.20,299.17 2 1
immich-places-backend/handlers.go:299.17,301.4 1 0
immich-places-backend/handlers.go:302.3,302.25 1 1
immich-places-backend/handlers.go:302.25,304.4 1 1
immich-places-backend/handlers.go:307.2,307.75 1 1
immich-places-backend/handlers.go:307.75,309.3 1 1
immich-places-backend/handlers.go:311.2,311.76 1 1
immich-places-backend/handlers.go:311.76,313.3 1 0
immich-places-backend/handlers.go:315.2,315.12 1 1
immich-places-backend/handlers.go:318.81,320.16 2 1
immich-places-backend/handlers.go:320.16,323.3 2 0
immich-places-backend/handlers.go:325.2,327.16 3 1
immich-places-backend/handlers.go:327.16,328.39 1 1
immich-places-backend/handlers.go:328.39,331.4 2 1
immich-places-backend/handlers.go:332.3,334.9 3 0
immich-places-backend/handlers.go:337.2,337.42 1 1
immich-places-backend/handlers.go:340.87,344.16 3 1
immich-places-backend/handlers.go:344.16,348.3 3 0
immich-places-backend/handlers.go:350.2,351.31 2 1
immich-places-backend/handlers.go:351.31,358.3 1 1
immich-places-backend/handlers.go:360.2,360.39 1 1
immich-places-backend/handlers.go:363.83,367.16 3 1
immich-places-backend/handlers.go:367.16,370.3 2 1
immich-places-backend/handlers.go:372.2,373.16 2 1
immich-places-backend/handlers.go:373.16,376.3 2 0
immich-places-backend/handlers.go:377.2,379.52 2 1
immich-places-backend/handlers.go:379.52,382.3 2 0
immich-places-backend/handlers.go:384.2,385.16 2 1
immich-places-backend/handlers.go:385.16,386.36 1 1
immich-places-backend/handlers.go:386.36,388.4 1 1
immich-places-backend/handlers.go:388.9,391.4 2 0
immich-places-backend/handlers.go:392.3,392.9 1 1
immich-places-backend/handlers.go:395.2,395.35 1 1
immich-places-backend/handlers.go:398.78,400.9 2 1
immich-places-backend/handlers.go:400.9,402.34 2 1
immich-places-backend/handlers.go:402.34,404.4 1 1
immich-places-backend/handlers.go:405.3,406.9 2 1
immich-places-backend/handlers.go:408.2,408.66 1 1
immich-places-backend/handlers.go:411.77,421.2 4 1
immich-places-backend/handlers.go:423.73,425.15 2 1
immich-places-backend/handlers.go:425.15,427.3 1 1
immich-places-backend/handlers.go:428.2,429.16 2 1
immich-places-backend/handlers.go:429.16,431.3 1 1
immich-places-backend/handlers.go:432.2,432.20 1 1
immich-places-backend/handlers.go:435.69,439.2 3 1
immich-places-backend/handlers.go:441.68,443.2 1 1
immich-places-backend/immichClient.go:22.60,37.2 8 1
immich-places-backend/immichClient.go:39.118,41.17 2 1
immich-places-backend/immichClient.go:41.17,43.17 2 1
immich-places-backend/immichClient.go:43.17,45.4 1 0
immich-places-backend/immichClient.go:46.3,46.42 1 1
immich-places-backend/immichClient.go:49.2,50.16 2 1
immich-places-backend/immichClient.go:50.16,52.3 1 0
immich-places-backend/immichClient.go:54.2,55.17 2 1
immich-places-backend/immichClient.go:55.17,57.3 1 1
immich-places-backend/immichClient.go:59.2,59.29 1 1
immich-places-backend/immichClient.go:62.135,70.25 2 1
immich-places-backend/immichClient.go:70.25,72.3 1 1
immich-places-backend/immichClient.go:74.2,75.16 2 1
immich-places-backend/immichClient.go:75.16,77.3 1 0
immich-places-backend/immichClient.go:78.2,80.38 2 1
immich-places-backend/immichClient.go:80.38,83.3 2 1
immich-places-backend/immichClient.go:85.2,86.67 2 1
immich-places-backend/immichClient.go:86.67,88.3 1 0
immich-places-backend/immichClient.go:89.2,89.21 1 1
immich-places-backend/immichClient.go:92.102,100.16 3 1
immich-places-backend/immichClient.go:100.16,102.3 1 0
immich-places-backend/immichClient.go:103.2,105.45 2 1
immich-places-backend/immichClient.go:105.45,108.3 2 1
immich-places-backend/immichClient.go:109.2,109.12 1 1
immich-places-backend/immichClient.go:112.86,114.16 2 1
immich-places-backend/immichClient.go:114.16,116.3 1 0
immich-places-backend/immichClient.go:117.2,119.38 2 1
immich-places-backend/immichClient.go:119.38,122.3 2 1
immich-places-backend/immichClient.go:124.2,125.67 2 1
immich-places-backend/immichClient.go:125.67,127.3 1 0
immich-places-backend/immichClient.go:128.2,128.20 1 1
immich-places-backend/immichClient.go:131.98,133.2 1 1
immich-places-backend/immichClient.go:135.96,137.2 1 1
immich-places-backend/immichClient.go:139.86,141.16 2 1
immich-places-backend/immichClient.go:141.16,143.3 1 0
immich-places-backend/immichClient.go:144.2,146.38 2 1
immich-places-backend/immichClient.go:146.38,149.3 2 1
immich-places-backend/immichClient.go:151.2,152.67 2 1
immich-places-backend/immichClient.go:152.67,154.3 1 0
immich-places-backend/immichClient.go:155.2,155.20 1 1
immich-places-backend/immichClient.go:158.96,160.16 2 1
immich-places-backend/immichClient.go:160.16,162.3 1 0
immich-places-backend/immichClient.go:163.2,165.38 2 1
immich-places-backend/immichClient.go:165.38,168.3 2 1
immich-places-backend/immichClient.go:170.2,171.67 2 1
immich-places-backend/immichClient.go:171.67,173.3 1 0
immich-places-backend/immichClient.go:175.2,176.34 2 1
immich-places-backend/immichClient.go:176.34,178.3 1 1
immich-places-backend/immichClient.go:179.2,179.17 1 1
immich-places-backend/main.go:14.13,16.16 2 0
immich-places-backend/main.go:16.16,18.3 1 0
immich-places-backend/main.go:20.2,21.16 2 0
immich-places-backend/main.go:21.16,23.3 1 0
immich-places-backend/main.go:24.2,54.25 26 0
immich-places-backend/main.go:54.25,56.13 2 0
immich-places-backend/main.go:56.13,59.4 2 0
immich-places-backend/main.go:60.8,62.13 2 0
immich-places-backend/main.go:62.13,65.4 2 0
immich-places-backend/main.go:68.2,81.12 4 0
immich-places-backend/main.go:81.12,82.24 1 0
immich-places-backend/main.go:82.24,84.4 1 0
immich-places-backend/main.go:84.9,86.4 1 0
immich-places-backend/main.go:87.3,87.80 1 0
immich-places-backend/main.go:87.80,89.4 1 0
immich-places-backend/main.go:92.2,97.53 5 0
immich-places-backend/main.go:97.53,99.3 1 0
immich-places-backend/main.go:101.2,102.46 2 0
immich-places-backend/main.go:105.70,106.71 1 1
immich-places-backend/main.go:106.71,107.30 1 1
immich-places-backend/main.go:107.30,110.4 2 1
immich-places-backend/main.go:111.3,111.89 1 1
immich-places-backend/main.go:111.89,114.4 2 1
immich-places-backend/main.go:115.3,115.23 1 1
immich-places-backend/migrations.go:14.38,17.52 2 1
immich-places-backend/migrations.go:17.52,19.3 1 0
immich-places-backend/migrations.go:21.2,23.53 2 1
immich-places-backend/migrations.go:23.53,24.51 1 1
immich-places-backend/migrations.go:24.51,26.4 1 0
immich-places-backend/migrations.go:29.2,29.51 1 1
immich-places-backend/migrations.go:29.51,31.3 1 0
immich-places-backend/migrations.go:33.2,33.12 1 1
immich-places-backend/migrations.go:36.40,40.2 3 1
immich-places-backend/migrations.go:42.42,46.2 3 1
immich-places-backend/migrations.go:48.46,54.18 1 1
immich-places-backend/migrations.go:54.18,56.3 1 0
immich-places-backend/migrations.go:58.2,60.16 1 1
immich-places-backend/migrations.go:60.16,62.3 1 0
immich-places-backend/migrations.go:64.2,64.12 1 1
immich-places-backend/nominatimClient.go:25.44,31.2 1 1
immich-places-backend/nominatimClient.go:33.97,37.35 3 1
immich-places-backend/nominatimClient.go:37.35,40.3 2 0
immich-places-backend/nominatimClient.go:41.2,43.44 2 1
immich-places-backend/nominatimClient.go:43.44,45.3 1 1
immich-places-backend/nominatimClient.go:47.2,53.16 3 1
immich-places-backend/nominatimClient.go:53.16,55.3 1 0
immich-places-backend/nominatimClient.go:56.2,60.16 4 1
immich-places-backend/nominatimClient.go:60.16,62.3 1 1
immich-places-backend/nominatimClient.go:63.2,65.51 2 1
immich-places-backend/nominatimClient.go:65.51,66.69 1 1
immich-places-backend/nominatimClient.go:66.69,67.75 1 1
immich-places-backend/nominatimClient.go:67.75,70.5 2 1
immich-places-backend/nominatimClient.go:70.10,70.63 1 1
immich-places-backend/nominatimClient.go:70.63,72.18 2 1
immich-places-backend/nominatimClient.go:72.18,75.6 2 1
immich-places-backend/nominatimClient.go:78.3,78.37 1 1
immich-places-backend/nominatimClient.go:80.2,80.38 1 1
immich-places-backend/nominatimClient.go:80.38,82.3 1 0
immich-places-backend/nominatimClient.go:84.2,94.67 2 1
immich-places-backend/nominatimClient.go:94.67,96.3 1 0
immich-places-backend/nominatimClient.go:98.2,101.41 3 1
immich-places-backend/nominatimClient.go:101.41,103.3 1 0
immich-places-backend/nominatimClient.go:104.2,107.19 3 1
immich-places-backend/nominatimClient.go:110.68,112.17 2 1
immich-places-backend/nominatimClient.go:112.17,114.3 1 1
immich-places-backend/nominatimClient.go:115.2,115.17 1 1
immich-places-backend/nominatimClient.go:115.17,117.3 1 1
immich-places-backend/nominatimClient.go:119.2,120.17 2 1
immich-places-backend/nominatimClient.go:120.17,122.3 1 1
immich-places-backend/nominatimClient.go:123.2,123.35 1 1
immich-places-backend/nominatimClient.go:123.35,125.3 1 1
immich-places-backend/nominatimClient.go:126.2,126.19 1 1
immich-places-backend/nominatimClient.go:126.19,128.3 1 1
immich-places-backend/nominatimClient.go:130.2,130.21 1 1
immich-places-backend/nominatimClient.go:130.21,132.3 1 1
immich-places-backend/nominatimClient.go:134.2,135.34 2 1
immich-places-backend/nominatimClient.go:135.34,137.3 1 1
immich-places-backend/nominatimClient.go:138.2,138.14 1 1
immich-places-backend/nominatimClient.go:141.44,143.2 1 1
immich-places-backend/suggestionService.go:27.66,32.2 1 1
immich-places-backend/suggestionService.go:34.127,36.16 2 1
immich-places-backend/suggestionService.go:36.16,38.3 1 0
immich-places-backend/suggestionService.go:39.2,39.18 1 1
immich-places-backend/suggestionService.go:39.18,41.3 1 1
immich-places-backend/suggestionService.go:43.2,44.20 2 1
immich-places-backend/suggestionService.go:44.20,46.3 1 1
immich-places-backend/suggestionService.go:48.2,56.19 2 1
immich-places-backend/suggestionService.go:56.19,58.3 1 1
immich-places-backend/suggestionService.go:60.2,61.16 2 1
immich-places-backend/suggestionService.go:61.16,64.3 2 0
immich-places-backend/suggestionService.go:66.2,68.44 2 1
immich-places-backend/suggestionService.go:68.44,74.3 5 1
immich-places-backend/suggestionService.go:74.8,76.3 1 1
immich-places-backend/suggestionService.go:78.2,79.16 2 1
immich-places-backend/suggestionService.go:79.16,81.3 1 0
immich-places-backend/suggestionService.go:81.8,82.32 1 1
immich-places-backend/suggestionService.go:82.32,89.4 1 1
immich-places-backend/suggestionService.go:92.2,92.22 1 1
immich-places-backend/suggestionService.go:95.103,97.16 2 1
immich-places-backend/suggestionService.go:97.16,101.42 4 1
immich-places-backend/suggestionService.go:101.42,103.4 1 1
immich-places-backend/suggestionService.go:106.2,107.16 2 1
immich-places-backend/suggestionService.go:107.16,110.3 2 0
immich-places-backend/suggestionService.go:112.2,114.21 2 1
immich-places-backend/suggestionService.go:114.21,118.3 3 1
immich-places-backend/suggestionService.go:120.2,120.17 1 1
immich-places-backend/suggestionService.go:123.89,126.27 3 1
immich-places-backend/suggestionService.go:126.27,127.32 1 1
immich-places-backend/suggestionService.go:127.32,128.12 1 0
immich-places-backend/suggestionService.go:130.3,131.17 2 1
immich-places-backend/suggestionService.go:131.17,132.12 1 0
immich-places-backend/suggestionService.go:134.3,135.15 2 1
immich-places-backend/suggestionService.go:135.15,137.4 1 1
immich-places-backend/suggestionService.go:138.3,138.26 1 1
immich-places-backend/suggestionService.go:138.26,140.4 1 1
immich-places-backend/suggestionService.go:142.2,142.17 1 1
immich-places-backend/suggestionService.go:145.57,154.27 3 1
immich-places-backend/suggestionService.go:154.27,155.46 1 1
immich-places-backend/suggestionService.go:155.46,156.12 1 0
immich-places-backend/suggestionService.go:158.3,160.10 3 1
immich-places-backend/suggestionService.go:160.10,163.4 2 1
immich-places-backend/suggestionService.go:164.3,169.18 5 1
immich-places-backend/suggestionService.go:169.18,171.4 1 0
immich-places-backend/suggestionService.go:174.2,175.29 2 1
immich-places-backend/suggestionService.go:175.29,179.18 4 1
immich-places-backend/suggestionService.go:179.18,181.4 1 1
immich-places-backend/suggestionService.go:182.3,187.5 1 1
immich-places-backend/suggestionService.go:190.2,192.38 2 1
immich-places-backend/suggestionService.go:192.38,194.3 1 0
immich-places-backend/suggestionService.go:196.2,196.16 1 1
immich-places-backend/suggestionService.go:199.54,200.43 1 1
immich-places-backend/suggestionService.go:200.43,202.3 1 1
immich-places-backend/suggestionService.go:205.62,206.34 1 1
immich-places-backend/suggestionService.go:206.34,207.15 1 1
immich-places-backend/suggestionService.go:207.15,209.4 1 1
immich-places-backend/suggestionService.go:210.3,210.12 1 1
immich-places-backend/suggestionService.go:212.2,213.24 2 1
immich-places-backend/suggestionService.go:213.24,215.3 1 1
immich-places-backend/suggestionService.go:216.2,216.14 1 1
immich-places-backend/suggestionService.go:219.52,222.33 3 1
immich-places-backend/suggestionService.go:222.33,223.24 1 1
immich-places-backend/suggestionService.go:223.24,226.4 2 1
immich-places-backend/suggestionService.go:228.2,228.13 1 1
immich-places-backend/syncService.go:33.98,40.2 1 1
immich-places-backend/syncService.go:42.40,46.2 3 1
immich-places-backend/syncService.go:48.46,51.15 3 1
immich-places-backend/syncService.go:51.15,53.3 1 1
immich-places-backend/syncService.go:54.2,55.13 2 1
immich-places-backend/syncService.go:58.41,63.2 4 1
immich-places-backend/syncService.go:65.53,68.15 3 1
immich-places-backend/syncService.go:68.15,70.3 1 1
immich-places-backend/syncService.go:71.2,71.52 1 1
immich-places-backend/syncService.go:71.52,73.3 1 1
immich-places-backend/syncService.go:74.2,75.17 2 1
immich-places-backend/syncService.go:78.52,80.9 2 1
immich-places-backend/syncService.go:80.9,82.3 1 1
immich-places-backend/syncService.go:83.2,84.12 2 1
immich-places-backend/syncService.go:84.12,88.3 3 1
immich-places-backend/syncService.go:89.2,89.29 1 1
immich-places-backend/syncService.go:92.75,93.72 1 1
immich-places-backend/syncService.go:93.72,95.3 1 0
immich-places-backend/syncService.go:98.59,100.2 1 1
immich-places-backend/syncService.go:102.58,103.26 1 1
immich-places-backend/syncService.go:103.26,106.3 2 1
immich-places-backend/syncService.go:107.2,108.19 2 1
immich-places-backend/syncService.go:111.55,116.16 4 1
immich-places-backend/syncService.go:116.16,120.3 3 0
immich-places-backend/syncService.go:122.2,123.70 2 1
immich-places-backend/syncService.go:123.70,125.3 1 0
immich-places-backend/syncService.go:126.2,126.66 1 1
immich-places-backend/syncService.go:126.66,128.3 1 0
immich-places-backend/syncService.go:130.2,134.21 4 1
immich-places-backend/syncService.go:134.21,136.3 1 1
immich-places-backend/syncService.go:136.8,138.3 1 1
immich-places-backend/syncService.go:140.2,140.86 1 1
immich-places-backend/syncService.go:143.65,144.26 1 1
immich-places-backend/syncService.go:144.26,147.3 2 0
immich-places-backend/syncService.go:148.2,149.26 2 1
immich-places-backend/syncService.go:152.62,154.16 2 1
immich-places-backend/syncService.go:154.16,157.3 2 0
immich-places-backend/syncService.go:158.2,158.23 1 1
immich-places-backend/syncService.go:158.23,162.3 3 1
immich-places-backend/syncService.go:164.2,168.16 4 1
immich-places-backend/syncService.go:168.16,172.3 3 0
immich-places-backend/syncService.go:174.2,175.66 2 1
immich-places-backend/syncService.go:175.66,177.3 1 0
immich-places-backend/syncService.go:179.2,181.23 2 1
immich-places-backend/syncService.go:181.23,183.3 1 1
immich-places-backend/syncService.go:185.2,187.21 2 1
immich-places-backend/syncService.go:187.21,189.3 1 0
immich-places-backend/syncService.go:189.8,191.3 1 1
immich-places-backend/syncService.go:193.2,193.101 1 1
immich-places-backend/syncService.go:196.104,200.6 3 1
immich-places-backend/syncService.go:200.6,204.17 4 1
immich-places-backend/syncService.go:204.17,206.4 1 1
immich-places-backend/syncService.go:208.3,209.22 2 1
immich-places-backend/syncService.go:209.22,210.9 1 1
immich-places-backend/syncService.go:213.3,214.30 2 1
immich-places-backend/syncService.go:214.30,216.4 1 1
immich-places-backend/syncService.go:218.3,218.56 1 1
immich-places-backend/syncService.go:218.56,220.4 1 0
immich-places-backend/syncService.go:221.3,223.36 2 1
immich-places-backend/syncService.go:223.36,224.9 1 1
immich-places-backend/syncService.go:226.3,227.17 2 1
immich-places-backend/syncService.go:227.17,229.4 1 1
immich-places-backend/syncService.go:230.3,230.18 1 1
immich-places-backend/syncService.go:233.2,233.27 1 1
immich-places-backend/syncService.go:236.55,242.16 5 1
immich-places-backend/syncService.go:242.16,245.3 2 0
immich-places-backend/syncService.go:247.2,248.31 2 1
immich-places-backend/syncService.go:248.31,250.38 2 1
immich-places-backend/syncService.go:250.38,252.40 2 1
immich-places-backend/syncService.go:252.40,254.5 1 1
immich-places-backend/syncService.go:255.4,260.6 1 1
immich-places-backend/syncService.go:264.2,265.16 2 1
immich-places-backend/syncService.go:265.16,268.3 2 0
immich-places-backend/syncService.go:270.2,270.88 1 1
immich-places-backend/syncService.go:273.71,275.16 2 1
immich-places-backend/syncService.go:275.16,278.3 2 0
immich-places-backend/syncService.go:280.2,280.26 1 1
immich-places-backend/syncService.go:280.26,282.3 1 1
immich-places-backend/syncService.go:284.2,284.69 1 1
immich-places-backend/syncService.go:284.69,287.3 2 0
immich-places-backend/syncService.go:289.2,291.12 3 1
immich-places-backend/syncService.go:291.12,294.3 2 1
immich-places-backend/syncService.go:297.123,300.26 3 1
immich-places-backend/syncService.go:300.26,302.21 2 1
immich-places-backend/syncService.go:302.21,306.18 4 1
immich-places-backend/syncService.go:306.18,309.5 2 0
immich-places-backend/syncService.go:310.4,311.14 2 1
immich-places-backend/syncService.go:314.2,316.46 2 1
immich-places-backend/syncService.go:316.46,319.3 2 1
immich-places-backend/syncService.go:321.2,321.69 1 1
immich-places-backend/syncService.go:321.69,323.3 1 1
immich-places-backend/syncService.go:336.61,342.16 5 1
immich-places-backend/syncService.go:342.16,344.3 1 1
immich-places-backend/syncService.go:346.2,347.16 2 1
immich-places-backend/syncService.go:347.16,349.3 1 0
immich-places-backend/syncService.go:351.2,353.71 2 1
immich-places-backend/syncService.go:353.71,355.3 1 1
immich-places-backend/syncService.go:357.2,357.62 1 1
immich-places-backend/syncService.go:357.62,359.3 1 0
immich-places-backend/syncService.go:361.2,362.12 2 1
immich-places-backend/syncService.go:365.146,369.31 3 1
immich-places-backend/syncService.go:369.31,372.155 2 1
immich-places-backend/syncService.go:372.155,374.12 2 0
immich-places-backend/syncService.go:377.3,378.65 2 1
immich-places-backend/syncService.go:381.2,381.23 1 1
immich-places-backend/syncService.go:384.95,390.25 5 1
immich-places-backend/syncService.go:390.25,391.17 1 1
immich-places-backend/syncService.go:391.17,392.12 1 0
immich-places-backend/syncService.go:394.3,395.21 2 1
immich-places-backend/syncService.go:395.21,399.18 4 1
immich-places-backend/syncService.go:399.18,401.5 1 1
immich-places-backend/syncService.go:402.4,405.14 4 1
immich-places-backend/syncService.go:408.2,408.33 1 1
immich-places-backend/syncService.go:408.33,410.3 1 1
immich-places-backend/syncService.go:412.2,412.33 1 1
immich-places-backend/syncService.go:412.33,413.87 1 1
immich-places-backend/syncService.go:413.87,415.4 1 0
immich-places-backend/syncService.go:418.2,418.12 1 1
immich-places-backend/syncService.go:421.78,424.12 3 1
immich-places-backend/syncService.go:424.12,427.7 3 1
immich-places-backend/syncService.go:427.7,428.11 1 1
immich-places-backend/syncService.go:429.20,430.32 1 1
immich-places-backend/syncService.go:431.22,433.11 2 1
immich-places-backend/syncService.go:439.61,446.26 2 1
immich-places-backend/syncService.go:446.26,453.3 6 1
immich-places-backend/syncService.go:454.2,454.14 1 1
